\BOOKMARK [0][-]{section*.1}{\376\377\000T\000A\000B\000L\000E\000\040\000O\000F\000\040\000C\000O\000N\000T\000E\000N\000T\000S}{}% 1
\BOOKMARK [0][-]{section*.3}{\376\377\000L\000I\000S\000T\000\040\000O\000F\000\040\000F\000I\000G\000U\000R\000E\000S}{}% 2
\BOOKMARK [0][-]{chapter.1}{\376\377\000R\000e\000n\000d\000e\000r\000\040\000l\000a\000r\000g\000e\000\040\000l\000i\000s\000t\000\040\000w\000i\000t\000h\000\040\000F\000l\000a\000t\000L\000i\000s\000t}{}% 3
\BOOKMARK [1][-]{section.1.1}{\376\377\000V\000i\000d\000e\000o\000:\000\040\000R\000e\000n\000d\000e\000r\000i\000n\000g\000\040\000l\000a\000r\000g\000e\000\040\000l\000i\000s\000t\000s\000\040\000u\000s\000i\000n\000g\000\040\000F\000l\000a\000t\000L\000i\000s\000t\000\040\000c\000o\000m\000p\000o\000n\000e\000n\000t}{chapter.1}% 4
\BOOKMARK [2][-]{subsection.1.1.1}{\376\377\000W\000h\000y\000\040\000F\000l\000a\000t\000L\000i\000s\000t\000?}{section.1.1}% 5
\BOOKMARK [2][-]{subsection.1.1.2}{\376\377\000F\000l\000a\000t\000L\000i\000s\000t\000\040\000-\000\040\000L\000a\000z\000y\000\040\000r\000e\000n\000d\000e\000r\000i\000n\000g}{section.1.1}% 6
\BOOKMARK [2][-]{subsection.1.1.3}{\376\377\000S\000y\000n\000t\000a\000x\000\040\000f\000o\000r\000\040\000F\000l\000a\000t\000L\000i\000s\000t}{section.1.1}% 7
\BOOKMARK [1][-]{section.1.2}{\376\377\000V\000i\000d\000e\000o\000:\000\040\000U\000s\000i\000n\000g\000\040\000t\000h\000e\000\040\000F\000l\000a\000t\000L\000i\000s\000t\000\040\000c\000o\000m\000p\000o\000n\000e\000n\000t}{chapter.1}% 8
\BOOKMARK [1][-]{section.1.3}{\376\377\000R\000e\000a\000d\000i\000n\000g\000:\000\040\000E\000x\000p\000l\000o\000r\000e\000\040\000t\000h\000e\000\040\000F\000l\000a\000t\000L\000i\000s\000t\000\040\000C\000o\000m\000p\000o\000n\000e\000n\000t}{chapter.1}% 9
\BOOKMARK [1][-]{section.1.4}{\376\377\000R\000e\000a\000d\000i\000n\000g\000:\000\040\000E\000x\000e\000r\000c\000i\000s\000e\000:\000\040\000R\000e\000n\000d\000e\000r\000\040\000a\000\040\000l\000a\000r\000g\000e\000\040\000l\000i\000s\000t\000\040\000u\000s\000i\000n\000g\000\040\000F\000l\000a\000t\000L\000i\000s\000t}{chapter.1}% 10
\BOOKMARK [1][-]{section.1.5}{\376\377\000S\000e\000l\000f\000\040\000r\000e\000v\000i\000e\000w\000:\000\040\000R\000e\000n\000d\000e\000r\000\040\000a\000\040\000l\000a\000r\000g\000e\000\040\000l\000i\000s\000t\000\040\000u\000i\000s\000n\000g\000\040\000F\000l\000a\000t\000L\000i\000s\000t}{chapter.1}% 11
\BOOKMARK [1][-]{section.1.6}{\376\377\000V\000i\000d\000e\000o\000:\000\040\000F\000l\000a\000t\000L\000i\000s\000t\000\040\000M\000e\000t\000h\000o\000d\000s}{chapter.1}% 12
\BOOKMARK [2][-]{subsection.1.6.1}{\376\377\000k\000e\000y\000E\000x\000t\000r\000a\000c\000t\000o\000r}{section.1.6}% 13
\BOOKMARK [2][-]{subsection.1.6.2}{\376\377\000I\000t\000e\000m\000S\000e\000p\000e\000r\000a\000t\000o\000r\000C\000o\000m\000p\000o\000n\000e\000n\000t}{section.1.6}% 14
\BOOKMARK [2][-]{subsection.1.6.3}{\376\377\000L\000i\000s\000t\000H\000e\000a\000d\000e\000r\000C\000o\000m\000p\000o\000n\000e\000n\000t}{section.1.6}% 15
\BOOKMARK [2][-]{subsection.1.6.4}{\376\377\000L\000i\000s\000t\000F\000o\000o\000t\000e\000r\000C\000o\000m\000p\000o\000n\000e\000n\000t}{section.1.6}% 16
\BOOKMARK [1][-]{section.1.7}{\376\377\000P\000r\000a\000c\000t\000i\000c\000e\000\040\000A\000s\000s\000i\000g\000n\000m\000e\000n\000t\000:\000\040\000K\000n\000o\000w\000l\000e\000d\000g\000e\000\040\000C\000h\000e\000c\000k\000:\000\040\000R\000e\000n\000d\000e\000r\000\040\000l\000a\000r\000g\000e\000\040\000l\000i\000s\000t\000s\000\040\000w\000i\000t\000h\000\040\000F\000l\000a\000t\000L\000i\000s\000t}{chapter.1}% 17
\BOOKMARK [0][-]{chapter.2}{\376\377\000R\000e\000n\000d\000e\000r\000\040\000L\000a\000r\000g\000e\000\040\000L\000i\000s\000t\000s\000\040\000w\000i\000t\000h\000\040\000S\000e\000c\000t\000i\000o\000n\000L\000i\000s\000t}{}% 18
\BOOKMARK [1][-]{section.2.1}{\376\377\000V\000i\000d\000e\000o\000:\000\040\000R\000e\000n\000d\000e\000r\000\040\000l\000a\000r\000g\000e\000\040\000l\000i\000s\000t\000s\000\040\000b\000y\000\040\000s\000e\000c\000t\000i\000o\000n\000s\000\040\000u\000s\000i\000n\000g\000\040\000S\000e\000c\000t\000i\000o\000n\000L\000i\000s\000t}{chapter.2}% 19
\BOOKMARK [2][-]{subsection.2.1.1}{\376\377\000W\000h\000y\000\040\000S\000e\000c\000t\000i\000o\000n\000L\000i\000s\000t\000?}{section.2.1}% 20
\BOOKMARK [2][-]{subsection.2.1.2}{\376\377\000C\000o\000m\000p\000a\000r\000i\000s\000i\000o\000n\000\040\000b\000e\000t\000w\000e\000e\000n\000\040\000F\000l\000a\000t\000L\000i\000s\000t\000\040\000a\000n\000d\000\040\000S\000e\000c\000t\000i\000o\000n\000L\000i\000s\000t\000\040\000c\000o\000m\000p\000o\000n\000e\000n\000t\000s}{section.2.1}% 21
\BOOKMARK [2][-]{subsection.2.1.3}{\376\377\000S\000y\000n\000t\000a\000x}{section.2.1}% 22
\BOOKMARK [2][-]{subsection.2.1.4}{\376\377\000S\000o\000m\000e\000\040\000p\000r\000o\000p\000s\000\040\000c\000o\000u\000l\000d\000\040\000b\000e\000\040\000p\000a\000s\000s\000e\000d\000\040\000i\000n\000t\000o\000\040\000S\000e\000c\000t\000i\000o\000n\000L\000i\000s\000t}{section.2.1}% 23
\BOOKMARK [1][-]{section.2.2}{\376\377\000V\000i\000d\000e\000o\000:\000\040\000U\000s\000i\000n\000g\000\040\000t\000h\000e\000\040\000S\000e\000c\000t\000i\000o\000n\000L\000i\000s\000t\000\040\000c\000o\000m\000p\000o\000n\000e\000n\000t}{chapter.2}% 24
\BOOKMARK [1][-]{section.2.3}{\376\377\000R\000e\000a\000d\000i\000n\000g\000:\000\040\000E\000x\000p\000l\000o\000r\000e\000\040\000t\000h\000e\000\040\000S\000e\000c\000t\000i\000o\000n\000L\000i\000s\000t\000\040\000c\000o\000m\000p\000o\000n\000e\000n\000t}{chapter.2}% 25
\BOOKMARK [1][-]{section.2.4}{\376\377\000R\000e\000a\000d\000i\000n\000g\000:\000\040\000E\000x\000e\000r\000c\000i\000s\000e\000:\000\040\000R\000e\000n\000d\000e\000r\000\040\000a\000\040\000l\000a\000r\000g\000e\000\040\000l\000i\000s\000t\000\040\000u\000s\000i\000n\000g\000\040\000S\000e\000c\000t\000i\000o\000n\000L\000i\000s\000t}{chapter.2}% 26
\BOOKMARK [1][-]{section.2.5}{\376\377\000P\000r\000a\000c\000t\000i\000c\000e\000\040\000A\000s\000s\000i\000g\000n\000m\000e\000n\000t\000:\000\040\000S\000e\000l\000f\000\040\000r\000e\000v\000i\000e\000w\000:\000\040\000R\000e\000n\000d\000e\000r\000\040\000a\000\040\000l\000a\000r\000g\000e\000\040\000l\000i\000s\000t\000\040\000u\000s\000i\000n\000g\000\040\000S\000e\000c\000t\000i\000o\000n\000L\000i\000s\000t}{chapter.2}% 27
\BOOKMARK [1][-]{section.2.6}{\376\377\000P\000r\000a\000c\000t\000i\000c\000e\000\040\000A\000s\000s\000i\000g\000n\000m\000e\000n\000t\000:\000\040\000K\000n\000o\000w\000l\000e\000d\000g\000e\000\040\000c\000h\000e\000c\000k\000i\000n\000g\000:\000\040\000R\000e\000n\000d\000e\000r\000\040\000a\000\040\000l\000a\000r\000g\000e\000\040\000l\000i\000s\000t\000\040\000u\000s\000i\000n\000g\000\040\000S\000e\000c\000t\000i\000o\000n\000L\000i\000s\000t}{chapter.2}% 28
\BOOKMARK [0][-]{chapter.3}{\376\377\000A\000c\000c\000e\000p\000t\000\040\000u\000s\000e\000r\000\040\000i\000n\000p\000u\000t}{}% 29
\BOOKMARK [1][-]{section.3.1}{\376\377\000V\000i\000d\000e\000o\000:\000\040\000W\000h\000a\000t\000\040\000i\000s\000\040\000t\000h\000e\000\040\000T\000e\000x\000t\000I\000n\000p\000u\000t\000\040\000c\000o\000m\000p\000o\000n\000e\000n\000t\000?}{chapter.3}% 30
\BOOKMARK [2][-]{subsection.3.1.1}{\376\377\000U\000s\000e\000\040\000c\000a\000s\000e\000\040\000i\000n\000\040\000t\000h\000i\000s\000\040\000p\000r\000o\000j\000e\000c\000t}{section.3.1}% 31
\BOOKMARK [2][-]{subsection.3.1.2}{\376\377\000T\000e\000x\000t\000I\000n\000p\000u\000t}{section.3.1}% 32
\BOOKMARK [2][-]{subsection.3.1.3}{\376\377\000S\000y\000n\000t\000a\000x}{section.3.1}% 33
\BOOKMARK [1][-]{section.3.2}{\376\377\000V\000i\000d\000e\000o\000:\000\040\000C\000o\000n\000f\000i\000g\000u\000r\000e\000\040\000t\000h\000e\000\040\000T\000e\000x\000t\000I\000n\000p\000u\000t\000\040\000C\000o\000m\000p\000o\000n\000e\000n\000t}{chapter.3}% 34
\BOOKMARK [1][-]{section.3.3}{\376\377\000R\000e\000a\000d\000i\000n\000g\000:\000\040\000T\000e\000x\000t\000I\000n\000p\000u\000t\000\040\000C\000o\000m\000p\000o\000n\000e\000n\000t\000\040\000a\000n\000d\000\040\000i\000t\000s\000\040\000F\000e\000a\000t\000u\000r\000e}{chapter.3}% 35
\BOOKMARK [1][-]{section.3.4}{\376\377\000R\000e\000a\000d\000i\000n\000g\000:\000\040\000E\000x\000e\000r\000c\000i\000s\000e\000:\000\040\000C\000r\000e\000a\000t\000e\000\040\000a\000\040\000T\000e\000x\000t\000I\000n\000p\000u\000t\000\040\000C\000o\000m\000p\000o\000n\000e\000n\000t}{chapter.3}% 36
\BOOKMARK [1][-]{section.3.5}{\376\377\000P\000r\000a\000c\000t\000i\000c\000e\000\040\000A\000s\000s\000i\000g\000n\000m\000e\000n\000t\000:\000\040\000S\000e\000l\000f\000\040\000r\000e\000v\000i\000e\000w\000:\000\040\000C\000r\000e\000a\000t\000e\000\040\000a\000\040\000T\000e\000x\000t\000I\000n\000p\000u\000t\000\040\000C\000o\000m\000p\000o\000n\000e\000n\000t}{chapter.3}% 37
\BOOKMARK [1][-]{section.3.6}{\376\377\000V\000i\000d\000e\000o\000:\000\040\000V\000i\000r\000t\000u\000a\000l\000\040\000K\000e\000y\000b\000o\000a\000r\000d\000\040\000o\000n\000\040\000M\000o\000b\000i\000l\000e\000s\000\040\000A\000p\000p}{chapter.3}% 38
\BOOKMARK [2][-]{subsection.3.6.1}{\376\377\000P\000r\000o\000b\000l\000e\000m\000\040\000a\000b\000o\000u\000t\000\040\000k\000e\000y\000b\000o\000a\000r\000d}{section.3.6}% 39
\BOOKMARK [2][-]{subsection.3.6.2}{\376\377\000R\000e\000a\000c\000t\000\040\000N\000a\000t\000i\000v\000e\000\040\000P\000r\000o\000p\000s}{section.3.6}% 40
\BOOKMARK [1][-]{section.3.7}{\376\377\000R\000e\000a\000d\000i\000n\000g\000:\000\040\000T\000i\000p\000s\000\040\000a\000n\000d\000\040\000T\000r\000i\000c\000k\000s\000\040\000t\000o\000\040\000h\000a\000n\000d\000l\000e\000\040\000v\000i\000r\000t\000u\000a\000l\000\040\000k\000e\000y\000b\000o\000a\000r\000d}{chapter.3}% 41
\BOOKMARK [1][-]{section.3.8}{\376\377\000V\000i\000d\000e\000o\000:\000\040\000H\000a\000n\000d\000l\000i\000n\000g\000\040\000t\000h\000e\000\040\000V\000i\000r\000t\000u\000a\000l\000\040\000K\000e\000y\000b\000o\000a\000r\000d}{chapter.3}% 42
\BOOKMARK [1][-]{section.3.9}{\376\377\000P\000r\000a\000c\000t\000i\000c\000e\000\040\000A\000s\000s\000i\000g\000n\000m\000e\000n\000t\000:\000\040\000K\000n\000o\000w\000l\000e\000d\000g\000e\000\040\000C\000h\000e\000c\000k\000:\000\040\000A\000c\000c\000e\000p\000t\000\040\000u\000s\000e\000r\000\040\000i\000n\000p\000u\000t}{chapter.3}% 43
\BOOKMARK [0][-]{chapter.4}{\376\377\000W\000o\000r\000k\000i\000n\000g\000\040\000w\000i\000t\000h\000\040\000T\000e\000x\000t\000I\000n\000p\000u\000t\000\040\000c\000o\000m\000p\000o\000n\000e\000n\000t\000s}{}% 44
\BOOKMARK [1][-]{section.4.1}{\376\377\000R\000e\000a\000d\000i\000n\000g\000:\000\040\000C\000o\000m\000m\000o\000n\000\040\000p\000r\000o\000p\000s\000\040\000o\000f\000\040\000T\000e\000x\000t\000I\000n\000p\000u\000t\000\040\000c\000o\000m\000p\000o\000n\000e\000n\000t}{chapter.4}% 45
\BOOKMARK [2][-]{subsection.4.1.1}{\376\377\000p\000l\000a\000c\000e\000h\000o\000l\000d\000e\000r}{section.4.1}% 46
\BOOKMARK [2][-]{subsection.4.1.2}{\376\377\000m\000u\000l\000t\000i\000l\000i\000n\000e}{section.4.1}% 47
\BOOKMARK [2][-]{subsection.4.1.3}{\376\377\000m\000a\000x\000L\000e\000n\000g\000t\000h}{section.4.1}% 48
\BOOKMARK [2][-]{subsection.4.1.4}{\376\377\000k\000e\000y\000b\000o\000a\000r\000d\000T\000y\000p\000e}{section.4.1}% 49
\BOOKMARK [1][-]{section.4.2}{\376\377\000V\000i\000d\000e\000o\000:\000\040\000P\000a\000s\000s\000i\000n\000g\000\040\000p\000r\000o\000p\000s\000\040\000t\000o\000\040\000T\000e\000x\000t\000I\000n\000p\000u\000t\000\040\000C\000o\000m\000p\000o\000n\000e\000n\000t}{chapter.4}% 50
\BOOKMARK [1][-]{section.4.3}{\376\377\000R\000e\000a\000d\000i\000n\000g\000:\000\040\000E\000x\000e\000r\000c\000i\000s\000e\000:\000\040\000C\000r\000e\000a\000t\000e\000\040\000a\000\040\000l\000o\000g\000i\000n\000\040\000p\000a\000g\000e}{chapter.4}% 51
\BOOKMARK [1][-]{section.4.4}{\376\377\000P\000r\000a\000c\000t\000i\000c\000e\000\040\000A\000s\000s\000i\000g\000n\000m\000e\000n\000t\000:\000\040\000S\000e\000l\000f\000\040\000r\000e\000v\000i\000e\000w\000:\000\040\000C\000r\000e\000a\000t\000e\000\040\000a\000\040\000l\000o\000g\000i\000n\000\040\000p\000a\000g\000e}{chapter.4}% 52
\BOOKMARK [1][-]{section.4.5}{\376\377\000V\000i\000d\000e\000o\000:\000\040\000U\000s\000i\000n\000g\000\040\000T\000e\000x\000t\000I\000n\000p\000u\000t\000\040\000M\000e\000t\000h\000o\000d\000s}{chapter.4}% 53
\BOOKMARK [2][-]{subsection.4.5.1}{\376\377\000o\000n\000F\000o\000c\000u\000s}{section.4.5}% 54
\BOOKMARK [2][-]{subsection.4.5.2}{\376\377\000o\000n\000B\000l\000u\000r}{section.4.5}% 55
\BOOKMARK [1][-]{section.4.6}{\376\377\000c\000l\000e\000a\000r\000B\000u\000t\000t\000o\000n\000M\000o\000d\000e}{chapter.4}% 56
\BOOKMARK [1][-]{section.4.7}{\376\377\000R\000e\000a\000d\000i\000n\000g\000:\000\040\000T\000e\000x\000t\000I\000n\000p\000u\000t\000\040\000M\000e\000t\000h\000o\000d\000s}{chapter.4}% 57
\BOOKMARK [1][-]{section.4.8}{\376\377\000P\000r\000a\000c\000t\000i\000c\000e\000\040\000A\000s\000s\000i\000g\000n\000m\000e\000n\000t\000:\000\040\000K\000n\000o\000w\000l\000e\000d\000g\000e\000\040\000C\000h\000e\000c\000k\000:\000\040\000P\000r\000o\000p\000s\000\040\000a\000n\000d\000\040\000m\000e\000t\000h\000o\000d\000s\000\040\000i\000n\000\040\000T\000e\000x\000t\000I\000n\000p\000u\000t}{chapter.4}% 58
\BOOKMARK [1][-]{section.4.9}{\376\377\000V\000i\000d\000e\000o\000:\000\040\000M\000o\000d\000u\000l\000e\000\040\000s\000u\000m\000m\000a\000r\000y\000:\000\040\000L\000i\000s\000t\000s\000\040\000a\000n\000d\000\040\000T\000e\000x\000t\000\040\000I\000n\000p\000u\000t\000\040\000i\000n\000\040\000R\000e\000a\000c\000t\000\040\000N\000a\000t\000i\000v\000e}{chapter.4}% 59
\BOOKMARK [1][-]{section.4.10}{\376\377\000G\000r\000a\000d\000e\000d\000\040\000A\000s\000s\000i\000g\000n\000m\000e\000n\000t\000:\000\040\000M\000o\000d\000u\000l\000e\000\040\000q\000u\000i\000z\000:\000\040\000L\000i\000s\000t\000s\000\040\000a\000n\000d\000\040\000T\000e\000x\000t\000\040\000I\000n\000p\000u\000t\000\040\000i\000n\000\040\000R\000e\000a\000c\000t\000\040\000N\000a\000t\000i\000v\000e}{chapter.4}% 60
